#
# There is insufficient memory for the Java Runtime Environment to continue.
# Native memory allocation (malloc) failed to allocate 244624 bytes for Chunk::new
# Possible reasons:
#   The system is out of physical RAM or swap space
#   In 32 bit mode, the process size limit was hit
# Possible solutions:
#   Reduce memory load on the system
#   Increase physical memory or swap space
#   Check if swap backing store is full
#   Use 64 bit Java on a 64 bit OS
#   Decrease Java heap size (-Xmx/-Xms)
#   Decrease number of Java threads
#   Decrease Java thread stack sizes (-Xss)
#   Set larger code cache with -XX:ReservedCodeCacheSize=
# This output file may be truncated or incomplete.
#
#  Out of Memory Error (allocation.cpp:390), pid=4168, tid=0x000000000000239c
#
# JRE version: Java(TM) SE Runtime Environment (8.0_162-b12) (build 1.8.0_162-b12)
# Java VM: Java HotSpot(TM) 64-Bit Server VM (25.162-b12 mixed mode windows-amd64 compressed oops)
# Failed to write core dump. Minidumps are not enabled by default on client versions of Windows
#

---------------  T H R E A D  ---------------

Current thread (0x0000000014bca800):  JavaThread "C2 CompilerThread0" daemon [_thread_in_native, id=9116, stack(0x0000000016260000,0x0000000016360000)]

Stack: [0x0000000016260000,0x0000000016360000]
[error occurred during error reporting (printing stack bounds), id 0xc0000005]

Native frames: (J=compiled Java code, j=interpreted, Vv=VM code, C=native code)


Current CompileTask:
C2:61031808  963       4       sun.java2d.pipe.AlphaPaintPipe::renderPathTile (491 bytes)


---------------  P R O C E S S  ---------------

Java Threads: ( => current thread )
  0x00000000023be000 JavaThread "DestroyJavaVM" [_thread_blocked, id=4824, stack(0x0000000002400000,0x0000000002500000)]
  0x000000001693c800 JavaThread "AWT-EventQueue-0" [_thread_blocked, id=7932, stack(0x00000000170b0000,0x00000000171b0000)]
  0x00000000168f4800 JavaThread "AWT-Windows" daemon [_thread_in_native, id=8224, stack(0x0000000016ed0000,0x0000000016fd0000)]
  0x00000000168f1800 JavaThread "AWT-Shutdown" [_thread_blocked, id=8484, stack(0x0000000016dd0000,0x0000000016ed0000)]
  0x00000000168f0800 JavaThread "Java2D Disposer" daemon [_thread_blocked, id=7220, stack(0x0000000016cd0000,0x0000000016dd0000)]
  0x0000000014c2e800 JavaThread "Service Thread" daemon [_thread_blocked, id=2160, stack(0x0000000016960000,0x0000000016a60000)]
  0x0000000014c17800 JavaThread "C1 CompilerThread2" daemon [_thread_blocked, id=8952, stack(0x0000000016460000,0x0000000016560000)]
  0x0000000014bd3800 JavaThread "C2 CompilerThread1" daemon [_thread_blocked, id=7644, stack(0x0000000016360000,0x0000000016460000)]
=>0x0000000014bca800 JavaThread "C2 CompilerThread0" daemon [_thread_in_native, id=9116, stack(0x0000000016260000,0x0000000016360000)]
  0x0000000014bd8000 JavaThread "Attach Listener" daemon [_thread_blocked, id=9120, stack(0x0000000016160000,0x0000000016260000)]
  0x0000000014bd6800 JavaThread "Signal Dispatcher" daemon [_thread_blocked, id=9144, stack(0x0000000016060000,0x0000000016160000)]
  0x0000000014bba800 JavaThread "Finalizer" daemon [_thread_blocked, id=9140, stack(0x0000000015e40000,0x0000000015f40000)]
  0x00000000025f0800 JavaThread "Reference Handler" daemon [_thread_blocked, id=9160, stack(0x0000000015d40000,0x0000000015e40000)]

Other Threads:
  0x0000000014b96000 VMThread [stack: 0x0000000015c40000,0x0000000015d40000] [id=9156]
  0x00000000165a8000 WatcherThread [stack: 0x0000000016a60000,0x0000000016b60000] [id=5384]

VM state:not at safepoint (normal execution)

VM Mutex/Monitor currently owned by a thread: None

Heap:
 PSYoungGen      total 18944K, used 10411K [0x00000000eb400000, 0x00000000ec900000, 0x0000000100000000)
  eden space 16384K, 63% used [0x00000000eb400000,0x00000000ebe2ad50,0x00000000ec400000)
  from space 2560K, 0% used [0x00000000ec680000,0x00000000ec680000,0x00000000ec900000)
  to   space 2560K, 0% used [0x00000000ec400000,0x00000000ec400000,0x00000000ec680000)
 ParOldGen       total 44032K, used 0K [0x00000000c1c00000, 0x00000000c4700000, 0x00000000eb400000)
  object space 44032K, 0% used [0x00000000c1c00000,0x00000000c1c00000,0x00000000c4700000)
 Metaspace       used 12066K, capacity 12330K, committed 12416K, reserved 1060864K
  class space    used 1527K, capacity 1618K, committed 1664K, reserved 1048576K

Card table byte_map: [0x00000000119c0000,0x0000000011bc0000] byte_map_base: 0x00000000113b2000

Marking Bits: (ParMarkBitMap*) 0x000000005ea80860
 Begin Bits: [0x0000000012110000, 0x00000000130a0000)
 End Bits:   [0x00000000130a0000, 0x0000000014030000)

Polling page: 0x0000000002370000

CodeCache: size=245760Kb used=3407Kb max_used=3407Kb free=242352Kb
 bounds [0x0000000002600000, 0x0000000002960000, 0x0000000011600000]
 total_blobs=1426 nmethods=954 adapters=385
 compilation: enabled

Compilation events (10 events):
Event: 61006.331 Thread 0x0000000014c17800  965       1       java.awt.image.ColorModel::getNumComponents (5 bytes)
Event: 61006.332 Thread 0x0000000014c17800 nmethod 965 0x00000000029543d0 code [0x0000000002954520, 0x0000000002954630]
Event: 61006.332 Thread 0x0000000014c17800  966       1       java.awt.image.SampleModel::getTransferType (5 bytes)
Event: 61006.332 Thread 0x0000000014c17800 nmethod 966 0x0000000002954690 code [0x00000000029547e0, 0x00000000029548f0]
Event: 61006.332 Thread 0x0000000014c17800  967       1       java.awt.image.Raster::getNumBands (5 bytes)
Event: 61006.332 Thread 0x0000000014c17800 nmethod 967 0x0000000002954950 code [0x0000000002954aa0, 0x0000000002954bb0]
Event: 61006.332 Thread 0x0000000014c17800  968       1       java.awt.image.BufferedImage::getType (5 bytes)
Event: 61006.332 Thread 0x0000000014c17800 nmethod 968 0x0000000002954c10 code [0x0000000002954d60, 0x0000000002954e70]
Event: 61006.333 Thread 0x0000000014c17800  969       3       java.lang.Boolean::valueOf (14 bytes)
Event: 61006.334 Thread 0x0000000014c17800 nmethod 969 0x0000000002954ed0 code [0x0000000002955020, 0x00000000029551b0]

GC Heap History (0 events):
No events

Deoptimization events (0 events):
No events

Classes redefined (0 events):
No events

Internal exceptions (10 events):
Event: 0.313 Thread 0x00000000023be000 Exception <a 'java/security/PrivilegedActionException'> (0x00000000eb499a30) thrown at [C:\re\workspace\8-2-build-windows-amd64-cygwin\jdk8u162\10278\hotspot\src\share\vm\prims\jvm.cpp, line 1390]
Event: 0.313 Thread 0x00000000023be000 Exception <a 'java/security/PrivilegedActionException'> (0x00000000eb499c40) thrown at [C:\re\workspace\8-2-build-windows-amd64-cygwin\jdk8u162\10278\hotspot\src\share\vm\prims\jvm.cpp, line 1390]
Event: 0.315 Thread 0x00000000023be000 Exception <a 'java/security/PrivilegedActionException'> (0x00000000eb49de00) thrown at [C:\re\workspace\8-2-build-windows-amd64-cygwin\jdk8u162\10278\hotspot\src\share\vm\prims\jvm.cpp, line 1390]
Event: 0.315 Thread 0x00000000023be000 Exception <a 'java/security/PrivilegedActionException'> (0x00000000eb49e010) thrown at [C:\re\workspace\8-2-build-windows-amd64-cygwin\jdk8u162\10278\hotspot\src\share\vm\prims\jvm.cpp, line 1390]
Event: 0.325 Thread 0x00000000023be000 Exception <a 'java/io/FileNotFoundException'> (0x00000000eb4a10f8) thrown at [C:\re\workspace\8-2-build-windows-amd64-cygwin\jdk8u162\10278\hotspot\src\share\vm\prims\jni.cpp, line 709]
Event: 0.426 Thread 0x00000000023be000 Exception <a 'java/lang/NoSuchFieldError': method resolution failed> (0x00000000eb5c3978) thrown at [C:\re\workspace\8-2-build-windows-amd64-cygwin\jdk8u162\10278\hotspot\src\share\vm\prims\methodHandles.cpp, line 1167]
Event: 0.431 Thread 0x00000000023be000 Exception <a 'java/lang/NoSuchFieldError': method resolution failed> (0x00000000eb5d0d48) thrown at [C:\re\workspace\8-2-build-windows-amd64-cygwin\jdk8u162\10278\hotspot\src\share\vm\prims\methodHandles.cpp, line 1167]
Event: 0.670 Thread 0x000000001693c800 Exception <a 'java/io/FileNotFoundException'> (0x00000000eb7ab2f0) thrown at [C:\re\workspace\8-2-build-windows-amd64-cygwin\jdk8u162\10278\hotspot\src\share\vm\prims\jni.cpp, line 709]
Event: 61005.570 Thread 0x000000001693c800 Exception <a 'sun/java2d/InvalidPipeException': GDIWindowSurfaceData: bounds changed> (0x00000000ebd10088) thrown at [C:\re\workspace\8-2-build-windows-amd64-cygwin\jdk8u162\10278\hotspot\src\share\vm\prims\jni.cpp, line 735]
Event: 61005.570 Thread 0x000000001693c800 Exception <a 'sun/java2d/InvalidPipeException': GDIWindowSurfaceData: bounds changed> (0x00000000ebd104e8) thrown at [C:\re\workspace\8-2-build-windows-amd64-cygwin\jdk8u162\10278\hotspot\src\share\vm\prims\jni.cpp, line 735]

Events (10 events):
Event: 26.671 loading class java/awt/LightweightDispatcher$2
Event: 26.671 loading class java/awt/LightweightDispatcher$2 done
Event: 34439.532 loading class sun/awt/windows/WToolkit$3
Event: 34439.857 loading class sun/awt/windows/WToolkit$3 done
Event: 34440.024 loading class java/util/WeakHashMap$KeyIterator
Event: 34440.073 loading class java/util/WeakHashMap$HashIterator
Event: 34440.183 loading class java/util/WeakHashMap$HashIterator done
Event: 34440.183 loading class java/util/WeakHashMap$KeyIterator done
Event: 34440.221 loading class javax/swing/RepaintManager$DisplayChangedRunnable
Event: 34440.221 loading class javax/swing/RepaintManager$DisplayChangedRunnable done


Dynamic libraries:
0x00007ff653f90000 - 0x00007ff653fc7000 	C:\$Recycle.Bin\S-1-5-21-3578853501-150506997-2361138143-1001\$R967941.7\java\bin\javaw.exe
0x00007ff8e6ed0000 - 0x00007ff8e70b1000 	C:\WINDOWS\SYSTEM32\ntdll.dll
0x00007ff8e4870000 - 0x00007ff8e4922000 	C:\WINDOWS\System32\KERNEL32.DLL
0x00007ff8e3a10000 - 0x00007ff8e3c83000 	C:\WINDOWS\System32\KERNELBASE.dll
0x00007ff8e6690000 - 0x00007ff8e6731000 	C:\WINDOWS\System32\ADVAPI32.dll
0x00007ff8e67a0000 - 0x00007ff8e683e000 	C:\WINDOWS\System32\msvcrt.dll
0x00007ff8e4930000 - 0x00007ff8e498b000 	C:\WINDOWS\System32\sechost.dll
0x00007ff8e4b70000 - 0x00007ff8e4c94000 	C:\WINDOWS\System32\RPCRT4.dll
0x00007ff8e4ca0000 - 0x00007ff8e4e30000 	C:\WINDOWS\System32\USER32.dll
0x00007ff8e4290000 - 0x00007ff8e42b0000 	C:\WINDOWS\System32\win32u.dll
0x00007ff8e6dc0000 - 0x00007ff8e6de8000 	C:\WINDOWS\System32\GDI32.dll
0x00007ff8e40a0000 - 0x00007ff8e4232000 	C:\WINDOWS\System32\gdi32full.dll
0x00007ff8e3f00000 - 0x00007ff8e3f9f000 	C:\WINDOWS\System32\msvcp_win.dll
0x00007ff8e3fa0000 - 0x00007ff8e409a000 	C:\WINDOWS\System32\ucrtbase.dll
0x00007ff8d6f80000 - 0x00007ff8d71e9000 	C:\WINDOWS\WinSxS\amd64_microsoft.windows.common-controls_6595b64144ccf1df_6.0.17134.472_none_fb3f9af53068156d\COMCTL32.dll
0x00007ff8e68f0000 - 0x00007ff8e6c12000 	C:\WINDOWS\System32\combase.dll
0x00007ff8e3c90000 - 0x00007ff8e3d0a000 	C:\WINDOWS\System32\bcryptPrimitives.dll
0x00007ff8e4e30000 - 0x00007ff8e4e5d000 	C:\WINDOWS\System32\IMM32.DLL
0x000000005fdb0000 - 0x000000005fe81000 	C:\$Recycle.Bin\S-1-5-21-3578853501-150506997-2361138143-1001\$R967941.7\java\bin\msvcr100.dll
0x000000005e260000 - 0x000000005eb00000 	C:\$Recycle.Bin\S-1-5-21-3578853501-150506997-2361138143-1001\$R967941.7\java\bin\server\jvm.dll
0x00007ff8e6df0000 - 0x00007ff8e6df8000 	C:\WINDOWS\System32\PSAPI.DLL
0x00007ff8e0d90000 - 0x00007ff8e0db3000 	C:\WINDOWS\SYSTEM32\WINMM.dll
0x00007ff8d3b70000 - 0x00007ff8d3b79000 	C:\WINDOWS\SYSTEM32\WSOCK32.dll
0x00007ff8db200000 - 0x00007ff8db20a000 	C:\WINDOWS\SYSTEM32\VERSION.dll
0x00007ff8e4b00000 - 0x00007ff8e4b6c000 	C:\WINDOWS\System32\WS2_32.dll
0x00007ff8e0d60000 - 0x00007ff8e0d8a000 	C:\WINDOWS\SYSTEM32\WINMMBASE.dll
0x00007ff8e4240000 - 0x00007ff8e4289000 	C:\WINDOWS\System32\cfgmgr32.dll
0x000000005fda0000 - 0x000000005fdaf000 	C:\$Recycle.Bin\S-1-5-21-3578853501-150506997-2361138143-1001\$R967941.7\java\bin\verify.dll
0x000000005fd70000 - 0x000000005fd99000 	C:\$Recycle.Bin\S-1-5-21-3578853501-150506997-2361138143-1001\$R967941.7\java\bin\java.dll
0x000000005fd50000 - 0x000000005fd66000 	C:\$Recycle.Bin\S-1-5-21-3578853501-150506997-2361138143-1001\$R967941.7\java\bin\zip.dll
0x00007ff8e5250000 - 0x00007ff8e6690000 	C:\WINDOWS\System32\SHELL32.dll
0x00007ff8e6840000 - 0x00007ff8e68e9000 	C:\WINDOWS\System32\shcore.dll
0x00007ff8e3300000 - 0x00007ff8e3a0d000 	C:\WINDOWS\System32\windows.storage.dll
0x00007ff8e4360000 - 0x00007ff8e43b1000 	C:\WINDOWS\System32\shlwapi.dll
0x00007ff8e3260000 - 0x00007ff8e3271000 	C:\WINDOWS\System32\kernel.appcore.dll
0x00007ff8e3280000 - 0x00007ff8e329f000 	C:\WINDOWS\System32\profapi.dll
0x00007ff8e31e0000 - 0x00007ff8e322c000 	C:\WINDOWS\System32\powrprof.dll
0x00007ff8e3230000 - 0x00007ff8e323a000 	C:\WINDOWS\System32\FLTLIB.DLL
0x000000005fbb0000 - 0x000000005fd48000 	C:\$Recycle.Bin\S-1-5-21-3578853501-150506997-2361138143-1001\$R967941.7\java\bin\awt.dll
0x00007ff8e49b0000 - 0x00007ff8e4a72000 	C:\WINDOWS\System32\OLEAUT32.dll
0x00007ff8e1560000 - 0x00007ff8e15eb000 	C:\WINDOWS\SYSTEM32\apphelp.dll
0x00007ff8e16d0000 - 0x00007ff8e1768000 	C:\WINDOWS\system32\uxtheme.dll
0x00007ff8e50d0000 - 0x00007ff8e5243000 	C:\WINDOWS\System32\MSCTF.dll
0x00007ff8e1970000 - 0x00007ff8e1999000 	C:\WINDOWS\system32\dwmapi.dll
0x00007ff8e4f70000 - 0x00007ff8e50c1000 	C:\WINDOWS\System32\ole32.dll
0x00007ff8c6b00000 - 0x00007ff8c6c20000 	C:\WINDOWS\system32\opengl32.dll
0x00007ff8c7ad0000 - 0x00007ff8c7afc000 	C:\WINDOWS\SYSTEM32\GLU32.dll
0x000000005fb60000 - 0x000000005fba7000 	C:\$Recycle.Bin\S-1-5-21-3578853501-150506997-2361138143-1001\$R967941.7\java\bin\fontmanager.dll
0x000000005fb40000 - 0x000000005fb5a000 	C:\$Recycle.Bin\S-1-5-21-3578853501-150506997-2361138143-1001\$R967941.7\java\bin\net.dll
0x00007ff8e2a00000 - 0x00007ff8e2a66000 	C:\WINDOWS\system32\mswsock.dll
0x000000005fb20000 - 0x000000005fb31000 	C:\$Recycle.Bin\S-1-5-21-3578853501-150506997-2361138143-1001\$R967941.7\java\bin\nio.dll
0x000000005fad0000 - 0x000000005fb12000 	C:\$Recycle.Bin\S-1-5-21-3578853501-150506997-2361138143-1001\$R967941.7\java\bin\t2k.dll
0x00007ff8e6e00000 - 0x00007ff8e6ea0000 	C:\WINDOWS\System32\clbcatq.dll
0x00007ff8dec90000 - 0x00007ff8dee3e000 	C:\WINDOWS\SYSTEM32\WindowsCodecs.dll
0x00007ff8cbe80000 - 0x00007ff8cbed8000 	C:\WINDOWS\system32\dataexchange.dll
0x00007ff8e0dc0000 - 0x00007ff8e0f5c000 	C:\WINDOWS\system32\dcomp.dll
0x00007ff8e0620000 - 0x00007ff8e092b000 	C:\WINDOWS\system32\d3d11.dll
0x00007ff8e1fa0000 - 0x00007ff8e205b000 	C:\WINDOWS\system32\dxgi.dll
0x00007ff8e1a50000 - 0x00007ff8e1c08000 	C:\WINDOWS\system32\twinapi.appcore.dll
0x00007ff8e1c40000 - 0x00007ff8e1c61000 	C:\WINDOWS\system32\RMCLIENT.dll
0x00007ff8d99f0000 - 0x00007ff8d9a86000 	C:\WINDOWS\System32\TextInputFramework.dll
0x00007ff8e1360000 - 0x00007ff8e143a000 	C:\WINDOWS\System32\CoreMessaging.dll
0x00007ff8de620000 - 0x00007ff8de93e000 	C:\WINDOWS\System32\CoreUIComponents.dll
0x00007ff8e22d0000 - 0x00007ff8e2301000 	C:\WINDOWS\SYSTEM32\ntmarta.dll
0x00007ff8df350000 - 0x00007ff8df49d000 	C:\WINDOWS\SYSTEM32\wintypes.dll

VM Arguments:
jvm_args: -Dfile.encoding=UTF-8 
java_command: theotherhattrickView.GraphicView
java_class_path (initial): C:\Users\Nathan\OneDrive\Documents\Java\Projet-LO02\LO02_TOHT\bin
Launcher Type: SUN_STANDARD

Environment Variables:
PATH=C:/Program Files/Java/jre1.8.0_191/bin/server;C:/Program Files/Java/jre1.8.0_191/bin;C:/Program Files/Java/jre1.8.0_191/lib/amd64;C:\Program Files (x86)\Common Files\Oracle\Java\javapath;C:\ProgramData\Oracle\Java\javapath;C:\Program Files (x86)\Intel\TXE Components\TCS\;C:\Program Files\Intel\TXE Components\TCS\;C:\WINDOWS\system32;C:\WINDOWS;C:\WINDOWS\System32\Wbem;C:\WINDOWS\System32\WindowsPowerShell\v1.0\;C:\Program Files\Intel\TXE Components\DAL\;C:\Program Files (x86)\Intel\TXE Components\DAL\;C:\Program Files\Intel\TXE Components\IPT\;C:\Program Files (x86)\Intel\TXE Components\IPT\;C:\Program Files (x86)\Skype\Phone\;C:\Program Files\doxygen\bin;C:\Program Files (x86)\OpenVPN\bin;C:\Program Files\MATLAB\R2017b\runtime\win64;C:\Program Files\MATLAB\R2017b\bin;C:\WINDOWS\System32\OpenSSH\;C:\Program Files\Git\cmd;C:\Program Files\nodejs\;C:\Program Files\Calibre2\;C:\svn-win32-1.8.9\bin;C:\Users\Nathan\AppData\Roaming\npm;C:\Users\Nathan\Desktop;
USERNAME=Nathan
OS=Windows_NT
PROCESSOR_IDENTIFIER=Intel64 Family 6 Model 55 Stepping 8, GenuineIntel



---------------  S Y S T E M  ---------------

OS: Windows 10.0 , 64 bit Build 17134 (10.0.17134.1)

CPU:total 4 (initial active 4) (4 cores per cpu, 1 threads per core) family 6 model 55 stepping 8, cmov, cx8, fxsr, mmx, sse, sse2, sse3, ssse3, sse4.1, sse4.2, popcnt, clmul, erms, 3dnowpref, tsc, tscinvbit

Memory: 4k page, physical 4074708k(1581828k free), swap 8125652k(3420k free)

vm_info: Java HotSpot(TM) 64-Bit Server VM (25.162-b12) for windows-amd64 JRE (1.8.0_162-b12), built on Dec 19 2017 20:00:03 by "java_re" with MS VC++ 10.0 (VS2010)

time: Sat Jan 05 11:02:45 2019
elapsed time: 61006 seconds (0d 16h 56m 46s)

